\BOOKMARK [1][-]{section.1}{Recurrent Models for MNIST}{}% 1
\BOOKMARK [2][-]{subsection.1.1}{Understanding LSTM vs GRU}{section.1}% 2
\BOOKMARK [1][-]{section.2}{Task 1: Classification}{}% 3
\BOOKMARK [2][-]{subsection.2.1}{Architecture}{section.2}% 4
\BOOKMARK [2][-]{subsection.2.2}{Hyperparameters and optmization}{section.2}% 5
\BOOKMARK [3][-]{subsubsection.2.2.1}{Graphs}{subsection.2.2}% 6
\BOOKMARK [2][-]{subsection.2.3}{Results}{section.2}% 7
\BOOKMARK [1][-]{section.3}{Task 2: Pixel prediction}{}% 8
\BOOKMARK [2][-]{subsection.3.1}{Architecture}{section.3}% 9
\BOOKMARK [2][-]{subsection.3.2}{Hyperparameters}{section.3}% 10
\BOOKMARK [3][-]{subsubsection.3.2.1}{Graphs}{subsection.3.2}% 11
\BOOKMARK [2][-]{subsection.3.3}{Results}{section.3}% 12
\BOOKMARK [2][-]{subsection.3.4}{Cross-entropies}{section.3}% 13
\BOOKMARK [3][-]{subsubsection.3.4.1}{Tables}{subsection.3.4}% 14
\BOOKMARK [3][-]{subsubsection.3.4.2}{Comparison of the models}{subsection.3.4}% 15
\BOOKMARK [2][-]{subsection.3.5}{Interesting inpaintings}{section.3}% 16
\BOOKMARK [3][-]{subsubsection.3.5.1}{10 pixels inpaintings}{subsection.3.5}% 17
\BOOKMARK [3][-]{subsubsection.3.5.2}{28 pixels inpaintings}{subsection.3.5}% 18
\BOOKMARK [3][-]{subsubsection.3.5.3}{300 pixels inpaintings}{subsection.3.5}% 19
\BOOKMARK [1][-]{section.4}{Task 3: In-painting}{}% 20
\BOOKMARK [2][-]{subsection.4.1}{Results}{section.4}% 21
\BOOKMARK [3][-]{subsubsection.4.1.1}{1 pixel inpainting}{subsection.4.1}% 22
\BOOKMARK [3][-]{subsubsection.4.1.2}{2x2 pixels inpainting}{subsection.4.1}% 23
\BOOKMARK [3][-]{subsubsection.4.1.3}{Analysis}{subsection.4.1}% 24
\BOOKMARK [3][-]{subsubsection.4.1.4}{Example inpaintings}{subsection.4.1}% 25
\BOOKMARK [3][-]{subsubsection.4.1.5}{Saved .npy arrays}{subsection.4.1}% 26
\BOOKMARK [1][-]{appendix.A}{task 2 images}{}% 27
\BOOKMARK [2][-]{subsection.A.1}{generated images}{appendix.A}% 28
\BOOKMARK [3][-]{subsubsection.A.1.1}{ground truth and masked images}{subsection.A.1}% 29
\BOOKMARK [3][-]{subsubsection.A.1.2}{32 hidden units}{subsection.A.1}% 30
\BOOKMARK [3][-]{subsubsection.A.1.3}{64 hidden units}{subsection.A.1}% 31
\BOOKMARK [3][-]{subsubsection.A.1.4}{128 hidden units}{subsection.A.1}% 32
\BOOKMARK [3][-]{subsubsection.A.1.5}{3 stacked layers of 32 hidden units}{subsection.A.1}% 33
